[2015-09-01 14:17:07,891] INFO Verifying properties (kafka.utils.VerifiableProperties)
[2015-09-01 14:17:07,962] INFO Property advertised.host.name is overridden to 192.168.99.100 (kafka.utils.VerifiableProperties)
[2015-09-01 14:17:07,964] INFO Property broker.id is overridden to 2 (kafka.utils.VerifiableProperties)
[2015-09-01 14:17:07,966] INFO Property log.cleaner.enable is overridden to false (kafka.utils.VerifiableProperties)
[2015-09-01 14:17:07,967] INFO Property log.dirs is overridden to /tmp/kafka-logs-2 (kafka.utils.VerifiableProperties)
[2015-09-01 14:17:07,968] INFO Property log.retention.check.interval.ms is overridden to 300000 (kafka.utils.VerifiableProperties)
[2015-09-01 14:17:07,968] INFO Property log.retention.hours is overridden to 168 (kafka.utils.VerifiableProperties)
[2015-09-01 14:17:07,968] INFO Property log.segment.bytes is overridden to 1073741824 (kafka.utils.VerifiableProperties)
[2015-09-01 14:17:07,970] INFO Property num.io.threads is overridden to 8 (kafka.utils.VerifiableProperties)
[2015-09-01 14:17:07,972] INFO Property num.network.threads is overridden to 3 (kafka.utils.VerifiableProperties)
[2015-09-01 14:17:07,972] INFO Property num.partitions is overridden to 1 (kafka.utils.VerifiableProperties)
[2015-09-01 14:17:07,973] INFO Property num.recovery.threads.per.data.dir is overridden to 1 (kafka.utils.VerifiableProperties)
[2015-09-01 14:17:07,973] INFO Property port is overridden to 9093 (kafka.utils.VerifiableProperties)
[2015-09-01 14:17:07,975] INFO Property socket.receive.buffer.bytes is overridden to 102400 (kafka.utils.VerifiableProperties)
[2015-09-01 14:17:07,984] INFO Property socket.request.max.bytes is overridden to 104857600 (kafka.utils.VerifiableProperties)
[2015-09-01 14:17:07,985] INFO Property socket.send.buffer.bytes is overridden to 102400 (kafka.utils.VerifiableProperties)
[2015-09-01 14:17:07,987] INFO Property zookeeper.connect is overridden to brokers:2181 (kafka.utils.VerifiableProperties)
[2015-09-01 14:17:07,995] INFO Property zookeeper.connection.timeout.ms is overridden to 6000 (kafka.utils.VerifiableProperties)
[2015-09-01 14:17:08,141] INFO [Kafka Server 2], starting (kafka.server.KafkaServer)
[2015-09-01 14:17:08,152] INFO [Kafka Server 2], Connecting to zookeeper on brokers:2181 (kafka.server.KafkaServer)
[2015-09-01 14:17:10,384] INFO Loading logs. (kafka.log.LogManager)
[2015-09-01 14:17:10,493] INFO Recovering unflushed segment 0 in log rsvps-0. (kafka.log.Log)
[2015-09-01 14:17:11,057] INFO Completed load of log rsvps-0 with log end offset 4696 (kafka.log.Log)
[2015-09-01 14:17:11,086] INFO Logs loading complete. (kafka.log.LogManager)
[2015-09-01 14:17:11,094] INFO Starting log cleanup with a period of 300000 ms. (kafka.log.LogManager)
[2015-09-01 14:17:11,101] INFO Starting log flusher with a default period of 9223372036854775807 ms. (kafka.log.LogManager)
[2015-09-01 14:17:11,220] INFO Awaiting socket connections on 0.0.0.0:9093. (kafka.network.Acceptor)
[2015-09-01 14:17:11,235] INFO [Socket Server on Broker 2], Started (kafka.network.SocketServer)
[2015-09-01 14:17:11,542] INFO Will not load MX4J, mx4j-tools.jar is not in the classpath (kafka.utils.Mx4jLoader$)
[2015-09-01 14:17:11,739] INFO conflict in /brokers/ids/2 data: {"jmx_port":-1,"timestamp":"1441117031679","host":"192.168.99.100","version":1,"port":9093} stored data: {"jmx_port":-1,"timestamp":"1441116600915","host":"192.168.99.100","version":1,"port":9093} (kafka.utils.ZkUtils$)
[2015-09-01 14:17:11,795] INFO I wrote this conflicted ephemeral node [{"jmx_port":-1,"timestamp":"1441117031679","host":"192.168.99.100","version":1,"port":9093}] at /brokers/ids/2 a while back in a different session, hence I will backoff for this node to be deleted by Zookeeper and retry (kafka.utils.ZkUtils$)
[2015-09-01 14:17:16,070] INFO New leader is 1 (kafka.server.ZookeeperLeaderElector$LeaderChangeListener)
[2015-09-01 14:17:17,803] INFO Registered broker 2 at path /brokers/ids/2 with address 192.168.99.100:9093. (kafka.utils.ZkUtils$)
[2015-09-01 14:17:17,855] INFO [Kafka Server 2], started (kafka.server.KafkaServer)
[2015-09-01 14:17:18,954] INFO [ReplicaFetcherManager on broker 2] Removed fetcher for partitions [rsvps,0] (kafka.server.ReplicaFetcherManager)
[2015-09-01 14:17:19,107] INFO [ReplicaFetcherManager on broker 2] Removed fetcher for partitions [rsvps,0] (kafka.server.ReplicaFetcherManager)
