[2015-09-01 14:17:11,371] INFO [Controller 1]: Controller starting up (kafka.controller.KafkaController)
[2015-09-01 14:17:11,461] INFO [Controller 1]: Controller startup complete (kafka.controller.KafkaController)
[2015-09-01 14:17:16,055] INFO [Controller 1]: Broker 1 starting become controller state transition (kafka.controller.KafkaController)
[2015-09-01 14:17:16,065] INFO [Controller 1]: Initialized controller epoch to 9 and zk version 8 (kafka.controller.KafkaController)
[2015-09-01 14:17:16,083] INFO [Controller 1]: Controller 1 incremented epoch to 10 (kafka.controller.KafkaController)
[2015-09-01 14:17:16,209] INFO [Controller 1]: Partitions undergoing preferred replica election:  (kafka.controller.KafkaController)
[2015-09-01 14:17:16,210] INFO [Controller 1]: Partitions that completed preferred replica election:  (kafka.controller.KafkaController)
[2015-09-01 14:17:16,225] INFO [Controller 1]: Resuming preferred replica election for partitions:  (kafka.controller.KafkaController)
[2015-09-01 14:17:16,231] INFO [Controller 1]: Partitions being reassigned: Map() (kafka.controller.KafkaController)
[2015-09-01 14:17:16,234] INFO [Controller 1]: Partitions already reassigned: List() (kafka.controller.KafkaController)
[2015-09-01 14:17:16,237] INFO [Controller 1]: Resuming reassignment of partitions: Map() (kafka.controller.KafkaController)
[2015-09-01 14:17:16,261] INFO [Controller 1]: List of topics to be deleted:  (kafka.controller.KafkaController)
[2015-09-01 14:17:16,261] INFO [Controller 1]: List of topics ineligible for deletion: rsvps (kafka.controller.KafkaController)
[2015-09-01 14:17:16,285] INFO [Controller 1]: Currently active brokers in the cluster: Set() (kafka.controller.KafkaController)
[2015-09-01 14:17:16,287] INFO [Controller 1]: Currently shutting brokers in the cluster: Set() (kafka.controller.KafkaController)
[2015-09-01 14:17:16,288] INFO [Controller 1]: Current list of topics in the cluster: Set(rsvps) (kafka.controller.KafkaController)
[2015-09-01 14:17:16,310] INFO [Replica state machine on controller 1]: Started replica state machine with initial state -> Map([Topic=rsvps,Partition=0,Replica=2] -> ReplicaDeletionIneligible) (kafka.controller.ReplicaStateMachine)
[2015-09-01 14:17:16,412] DEBUG [OfflinePartitionLeaderSelector]: No broker in ISR is alive for [rsvps,0]. Pick the leader from the alive assigned replicas:  (kafka.controller.OfflinePartitionLeaderSelector)
[2015-09-01 14:17:16,429] INFO [Partition state machine on Controller 1]: Started partition state machine with initial state -> Map([rsvps,0] -> OfflinePartition) (kafka.controller.PartitionStateMachine)
[2015-09-01 14:17:16,479] INFO [Controller 1]: Broker 1 is ready to serve as the new controller with epoch 10 (kafka.controller.KafkaController)
[2015-09-01 14:17:16,485] INFO [Controller 1]: Starting preferred replica leader election for partitions  (kafka.controller.KafkaController)
[2015-09-01 14:17:16,489] INFO [Partition state machine on Controller 1]: Invoking state change to OnlinePartition for partitions  (kafka.controller.PartitionStateMachine)
[2015-09-01 14:17:16,501] INFO [Controller 1]: starting the partition rebalance scheduler (kafka.controller.KafkaController)
[2015-09-01 14:17:17,684] INFO [BrokerChangeListener on Controller 1]: Broker change listener fired for path /brokers/ids with children 1 (kafka.controller.ReplicaStateMachine$BrokerChangeListener)
[2015-09-01 14:17:17,843] INFO [BrokerChangeListener on Controller 1]: Newly added brokers: 1, deleted brokers: , all live brokers: 1 (kafka.controller.ReplicaStateMachine$BrokerChangeListener)
[2015-09-01 14:17:17,845] DEBUG [Channel manager on controller 1]: Controller 1 trying to connect to broker 1 (kafka.controller.ControllerChannelManager)
[2015-09-01 14:17:17,877] INFO [Controller-1-to-broker-1-send-thread], Controller 1 connected to id:1,host:192.168.99.100,port:9092 for sending state change requests (kafka.controller.RequestSendThread)
[2015-09-01 14:17:17,929] INFO [Controller 1]: New broker startup callback for 1 (kafka.controller.KafkaController)
[2015-09-01 14:17:17,931] INFO [Controller-1-to-broker-1-send-thread], Starting  (kafka.controller.RequestSendThread)
[2015-09-01 14:17:18,106] DEBUG [OfflinePartitionLeaderSelector]: No broker in ISR is alive for [rsvps,0]. Pick the leader from the alive assigned replicas:  (kafka.controller.OfflinePartitionLeaderSelector)
[2015-09-01 14:17:18,159] INFO [BrokerChangeListener on Controller 1]: Broker change listener fired for path /brokers/ids with children 1,2 (kafka.controller.ReplicaStateMachine$BrokerChangeListener)
[2015-09-01 14:17:18,222] INFO [BrokerChangeListener on Controller 1]: Newly added brokers: 2, deleted brokers: , all live brokers: 1,2 (kafka.controller.ReplicaStateMachine$BrokerChangeListener)
[2015-09-01 14:17:18,231] DEBUG [Channel manager on controller 1]: Controller 1 trying to connect to broker 2 (kafka.controller.ControllerChannelManager)
[2015-09-01 14:17:18,325] INFO [Controller-1-to-broker-2-send-thread], Controller 1 connected to id:2,host:192.168.99.100,port:9093 for sending state change requests (kafka.controller.RequestSendThread)
[2015-09-01 14:17:18,326] INFO [Controller 1]: New broker startup callback for 2 (kafka.controller.KafkaController)
[2015-09-01 14:17:18,329] INFO [Replica state machine on controller 1]: Invoking state change to OnlineReplica for replicas [Topic=rsvps,Partition=0,Replica=2] (kafka.controller.ReplicaStateMachine)
[2015-09-01 14:17:18,329] INFO [Controller-1-to-broker-2-send-thread], Starting  (kafka.controller.RequestSendThread)
[2015-09-01 14:17:18,700] DEBUG [OfflinePartitionLeaderSelector]: Some broker in ISR is alive for [rsvps,0]. Select 2 from ISR 2 to be the leader. (kafka.controller.OfflinePartitionLeaderSelector)
[2015-09-01 14:17:18,752] INFO [OfflinePartitionLeaderSelector]: Selected new leader and ISR {"leader":2,"leader_epoch":9,"isr":[2]} for offline partition [rsvps,0] (kafka.controller.OfflinePartitionLeaderSelector)
[2015-09-01 14:17:18,764] DEBUG [Partition state machine on Controller 1]: After leader election, leader cache is updated to Map([rsvps,0] -> (Leader:2,ISR:2,LeaderEpoch:9,ControllerEpoch:10)) (kafka.controller.PartitionStateMachine)
[2015-09-01 14:17:21,531] TRACE [Controller 1]: checking need to trigger partition rebalance (kafka.controller.KafkaController)
[2015-09-01 14:17:21,535] DEBUG [Controller 1]: preferred replicas by broker Map(2 -> Map([rsvps,0] -> List(2))) (kafka.controller.KafkaController)
[2015-09-01 14:17:21,538] DEBUG [Controller 1]: topics not in preferred replica Map() (kafka.controller.KafkaController)
[2015-09-01 14:17:21,547] TRACE [Controller 1]: leader imbalance ratio for broker 2 is 0.000000 (kafka.controller.KafkaController)
[2015-09-01 14:22:21,515] TRACE [Controller 1]: checking need to trigger partition rebalance (kafka.controller.KafkaController)
[2015-09-01 14:22:21,516] DEBUG [Controller 1]: preferred replicas by broker Map(2 -> Map([rsvps,0] -> List(2))) (kafka.controller.KafkaController)
[2015-09-01 14:22:21,516] DEBUG [Controller 1]: topics not in preferred replica Map() (kafka.controller.KafkaController)
[2015-09-01 14:22:21,517] TRACE [Controller 1]: leader imbalance ratio for broker 2 is 0.000000 (kafka.controller.KafkaController)
