[2015-09-01 14:17:06,691] INFO Verifying properties (kafka.utils.VerifiableProperties)
[2015-09-01 14:17:06,745] INFO Property advertised.host.name is overridden to 192.168.99.100 (kafka.utils.VerifiableProperties)
[2015-09-01 14:17:06,746] INFO Property broker.id is overridden to 1 (kafka.utils.VerifiableProperties)
[2015-09-01 14:17:06,747] INFO Property log.cleaner.enable is overridden to false (kafka.utils.VerifiableProperties)
[2015-09-01 14:17:06,748] INFO Property log.dirs is overridden to /tmp/kafka-logs-1 (kafka.utils.VerifiableProperties)
[2015-09-01 14:17:06,748] INFO Property log.retention.check.interval.ms is overridden to 300000 (kafka.utils.VerifiableProperties)
[2015-09-01 14:17:06,749] INFO Property log.retention.hours is overridden to 168 (kafka.utils.VerifiableProperties)
[2015-09-01 14:17:06,750] INFO Property log.segment.bytes is overridden to 1073741824 (kafka.utils.VerifiableProperties)
[2015-09-01 14:17:06,751] INFO Property num.io.threads is overridden to 8 (kafka.utils.VerifiableProperties)
[2015-09-01 14:17:06,752] INFO Property num.network.threads is overridden to 3 (kafka.utils.VerifiableProperties)
[2015-09-01 14:17:06,752] INFO Property num.partitions is overridden to 1 (kafka.utils.VerifiableProperties)
[2015-09-01 14:17:06,754] INFO Property num.recovery.threads.per.data.dir is overridden to 1 (kafka.utils.VerifiableProperties)
[2015-09-01 14:17:06,754] INFO Property port is overridden to 9092 (kafka.utils.VerifiableProperties)
[2015-09-01 14:17:06,755] INFO Property socket.receive.buffer.bytes is overridden to 102400 (kafka.utils.VerifiableProperties)
[2015-09-01 14:17:06,756] INFO Property socket.request.max.bytes is overridden to 104857600 (kafka.utils.VerifiableProperties)
[2015-09-01 14:17:06,757] INFO Property socket.send.buffer.bytes is overridden to 102400 (kafka.utils.VerifiableProperties)
[2015-09-01 14:17:06,758] INFO Property zookeeper.connect is overridden to brokers:2181 (kafka.utils.VerifiableProperties)
[2015-09-01 14:17:06,758] INFO Property zookeeper.connection.timeout.ms is overridden to 6000 (kafka.utils.VerifiableProperties)
[2015-09-01 14:17:06,807] INFO [Kafka Server 1], starting (kafka.server.KafkaServer)
[2015-09-01 14:17:06,812] INFO [Kafka Server 1], Connecting to zookeeper on brokers:2181 (kafka.server.KafkaServer)
[2015-09-01 14:17:10,855] INFO Loading logs. (kafka.log.LogManager)
[2015-09-01 14:17:10,863] INFO Logs loading complete. (kafka.log.LogManager)
[2015-09-01 14:17:10,865] INFO Starting log cleanup with a period of 300000 ms. (kafka.log.LogManager)
[2015-09-01 14:17:10,869] INFO Starting log flusher with a default period of 9223372036854775807 ms. (kafka.log.LogManager)
[2015-09-01 14:17:10,918] INFO Awaiting socket connections on 0.0.0.0:9092. (kafka.network.Acceptor)
[2015-09-01 14:17:10,935] INFO [Socket Server on Broker 1], Started (kafka.network.SocketServer)
[2015-09-01 14:17:11,368] INFO Will not load MX4J, mx4j-tools.jar is not in the classpath (kafka.utils.Mx4jLoader$)
[2015-09-01 14:17:11,601] INFO conflict in /brokers/ids/1 data: {"jmx_port":-1,"timestamp":"1441117031509","host":"192.168.99.100","version":1,"port":9092} stored data: {"jmx_port":-1,"timestamp":"1441116599199","host":"192.168.99.100","version":1,"port":9092} (kafka.utils.ZkUtils$)
[2015-09-01 14:17:11,636] INFO I wrote this conflicted ephemeral node [{"jmx_port":-1,"timestamp":"1441117031509","host":"192.168.99.100","version":1,"port":9092}] at /brokers/ids/1 a while back in a different session, hence I will backoff for this node to be deleted by Zookeeper and retry (kafka.utils.ZkUtils$)
[2015-09-01 14:17:16,053] INFO 1 successfully elected as leader (kafka.server.ZookeeperLeaderElector)
[2015-09-01 14:17:16,527] INFO New leader is 1 (kafka.server.ZookeeperLeaderElector$LeaderChangeListener)
[2015-09-01 14:17:17,641] INFO Registered broker 1 at path /brokers/ids/1 with address 192.168.99.100:9092. (kafka.utils.ZkUtils$)
[2015-09-01 14:17:17,755] INFO [Kafka Server 1], started (kafka.server.KafkaServer)
[2015-09-01 14:17:30,832] INFO Closing socket connection to /172.17.42.1. (kafka.network.Processor)
[2015-09-01 14:18:06,560] INFO Closing socket connection to /172.17.42.1. (kafka.network.Processor)
