[2015-09-01 14:17:16,320] TRACE Controller 1 epoch 10 started leader election for partition [rsvps,0] (state.change.logger)
[2015-09-01 14:17:16,416] ERROR Controller 1 epoch 10 initiated state change for partition [rsvps,0] from OfflinePartition to OnlinePartition failed (state.change.logger)
kafka.common.NoReplicaOnlineException: No replica for partition [rsvps,0] is alive. Live brokers are: [Set()], Assigned replicas are: [List(2)]
	at kafka.controller.OfflinePartitionLeaderSelector.selectLeader(PartitionLeaderSelector.scala:75)
	at kafka.controller.PartitionStateMachine.electLeaderForPartition(PartitionStateMachine.scala:357)
	at kafka.controller.PartitionStateMachine.kafka$controller$PartitionStateMachine$$handleStateChange(PartitionStateMachine.scala:206)
	at kafka.controller.PartitionStateMachine$$anonfun$triggerOnlinePartitionStateChange$3.apply(PartitionStateMachine.scala:120)
	at kafka.controller.PartitionStateMachine$$anonfun$triggerOnlinePartitionStateChange$3.apply(PartitionStateMachine.scala:117)
	at scala.collection.TraversableLike$WithFilter$$anonfun$foreach$1.apply(TraversableLike.scala:772)
	at scala.collection.mutable.HashMap$$anonfun$foreach$1.apply(HashMap.scala:98)
	at scala.collection.mutable.HashMap$$anonfun$foreach$1.apply(HashMap.scala:98)
	at scala.collection.mutable.HashTable$class.foreachEntry(HashTable.scala:226)
	at scala.collection.mutable.HashMap.foreachEntry(HashMap.scala:39)
	at scala.collection.mutable.HashMap.foreach(HashMap.scala:98)
	at scala.collection.TraversableLike$WithFilter.foreach(TraversableLike.scala:771)
	at kafka.controller.PartitionStateMachine.triggerOnlinePartitionStateChange(PartitionStateMachine.scala:117)
	at kafka.controller.PartitionStateMachine.startup(PartitionStateMachine.scala:70)
	at kafka.controller.KafkaController.onControllerFailover(KafkaController.scala:314)
	at kafka.controller.KafkaController$$anonfun$1.apply$mcV$sp(KafkaController.scala:161)
	at kafka.server.ZookeeperLeaderElector.elect(ZookeeperLeaderElector.scala:81)
	at kafka.server.ZookeeperLeaderElector$LeaderChangeListener$$anonfun$handleDataDeleted$1.apply$mcZ$sp(ZookeeperLeaderElector.scala:139)
	at kafka.server.ZookeeperLeaderElector$LeaderChangeListener$$anonfun$handleDataDeleted$1.apply(ZookeeperLeaderElector.scala:134)
	at kafka.server.ZookeeperLeaderElector$LeaderChangeListener$$anonfun$handleDataDeleted$1.apply(ZookeeperLeaderElector.scala:134)
	at kafka.utils.Utils$.inLock(Utils.scala:535)
	at kafka.server.ZookeeperLeaderElector$LeaderChangeListener.handleDataDeleted(ZookeeperLeaderElector.scala:134)
	at org.I0Itec.zkclient.ZkClient$6.run(ZkClient.java:549)
	at org.I0Itec.zkclient.ZkEventThread.run(ZkEventThread.java:71)
[2015-09-01 14:17:17,966] TRACE Controller 1 epoch 10 sending UpdateMetadata request (Leader:2,ISR:2,LeaderEpoch:8,ControllerEpoch:9) with correlationId 3 to broker 1 for partition [rsvps,0] (state.change.logger)
[2015-09-01 14:17:17,984] TRACE Controller 1 epoch 10 started leader election for partition [rsvps,0] (state.change.logger)
[2015-09-01 14:17:18,115] ERROR Controller 1 epoch 10 initiated state change for partition [rsvps,0] from OfflinePartition to OnlinePartition failed (state.change.logger)
kafka.common.NoReplicaOnlineException: No replica for partition [rsvps,0] is alive. Live brokers are: [Set(1)], Assigned replicas are: [List(2)]
	at kafka.controller.OfflinePartitionLeaderSelector.selectLeader(PartitionLeaderSelector.scala:75)
	at kafka.controller.PartitionStateMachine.electLeaderForPartition(PartitionStateMachine.scala:357)
	at kafka.controller.PartitionStateMachine.kafka$controller$PartitionStateMachine$$handleStateChange(PartitionStateMachine.scala:206)
	at kafka.controller.PartitionStateMachine$$anonfun$triggerOnlinePartitionStateChange$3.apply(PartitionStateMachine.scala:120)
	at kafka.controller.PartitionStateMachine$$anonfun$triggerOnlinePartitionStateChange$3.apply(PartitionStateMachine.scala:117)
	at scala.collection.TraversableLike$WithFilter$$anonfun$foreach$1.apply(TraversableLike.scala:772)
	at scala.collection.mutable.HashMap$$anonfun$foreach$1.apply(HashMap.scala:98)
	at scala.collection.mutable.HashMap$$anonfun$foreach$1.apply(HashMap.scala:98)
	at scala.collection.mutable.HashTable$class.foreachEntry(HashTable.scala:226)
	at scala.collection.mutable.HashMap.foreachEntry(HashMap.scala:39)
	at scala.collection.mutable.HashMap.foreach(HashMap.scala:98)
	at scala.collection.TraversableLike$WithFilter.foreach(TraversableLike.scala:771)
	at kafka.controller.PartitionStateMachine.triggerOnlinePartitionStateChange(PartitionStateMachine.scala:117)
	at kafka.controller.KafkaController.onBrokerStartup(KafkaController.scala:406)
	at kafka.controller.ReplicaStateMachine$BrokerChangeListener$$anonfun$handleChildChange$1$$anonfun$apply$mcV$sp$1.apply$mcV$sp(ReplicaStateMachine.scala:371)
	at kafka.controller.ReplicaStateMachine$BrokerChangeListener$$anonfun$handleChildChange$1$$anonfun$apply$mcV$sp$1.apply(ReplicaStateMachine.scala:359)
	at kafka.controller.ReplicaStateMachine$BrokerChangeListener$$anonfun$handleChildChange$1$$anonfun$apply$mcV$sp$1.apply(ReplicaStateMachine.scala:359)
	at kafka.metrics.KafkaTimer.time(KafkaTimer.scala:33)
	at kafka.controller.ReplicaStateMachine$BrokerChangeListener$$anonfun$handleChildChange$1.apply$mcV$sp(ReplicaStateMachine.scala:358)
	at kafka.controller.ReplicaStateMachine$BrokerChangeListener$$anonfun$handleChildChange$1.apply(ReplicaStateMachine.scala:357)
	at kafka.controller.ReplicaStateMachine$BrokerChangeListener$$anonfun$handleChildChange$1.apply(ReplicaStateMachine.scala:357)
	at kafka.utils.Utils$.inLock(Utils.scala:535)
	at kafka.controller.ReplicaStateMachine$BrokerChangeListener.handleChildChange(ReplicaStateMachine.scala:356)
	at org.I0Itec.zkclient.ZkClient$7.run(ZkClient.java:568)
	at org.I0Itec.zkclient.ZkEventThread.run(ZkEventThread.java:71)
[2015-09-01 14:17:18,191] TRACE Broker 1 cached leader info (LeaderAndIsrInfo:(Leader:2,ISR:2,LeaderEpoch:8,ControllerEpoch:9),ReplicationFactor:1),AllReplicas:2) for partition [rsvps,0] in response to UpdateMetadata request sent by controller 1 epoch 10 with correlation id 3 (state.change.logger)
[2015-09-01 14:17:18,326] TRACE Controller 1 epoch 10 sending UpdateMetadata request (Leader:2,ISR:2,LeaderEpoch:8,ControllerEpoch:9) with correlationId 5 to broker 2 for partition [rsvps,0] (state.change.logger)
[2015-09-01 14:17:18,372] TRACE Controller 1 epoch 10 changed state of replica 2 for partition [rsvps,0] from ReplicaDeletionIneligible to OnlineReplica (state.change.logger)
[2015-09-01 14:17:18,437] TRACE Controller 1 epoch 10 sending become-leader LeaderAndIsr request (Leader:2,ISR:2,LeaderEpoch:8,ControllerEpoch:9) with correlationId 6 to broker 2 for partition [rsvps,0] (state.change.logger)
[2015-09-01 14:17:18,439] TRACE Controller 1 epoch 10 sending UpdateMetadata request (Leader:2,ISR:2,LeaderEpoch:8,ControllerEpoch:9) with correlationId 6 to broker 2 for partition [rsvps,0] (state.change.logger)
[2015-09-01 14:17:18,445] TRACE Controller 1 epoch 10 sending UpdateMetadata request (Leader:2,ISR:2,LeaderEpoch:8,ControllerEpoch:9) with correlationId 6 to broker 1 for partition [rsvps,0] (state.change.logger)
[2015-09-01 14:17:18,454] TRACE Controller 1 epoch 10 started leader election for partition [rsvps,0] (state.change.logger)
[2015-09-01 14:17:18,747] TRACE Controller 1 epoch 10 received response UpdateMetadataResponse(5,0) for a request sent to broker id:2,host:192.168.99.100,port:9093 (state.change.logger)
[2015-09-01 14:17:18,753] TRACE Controller 1 epoch 10 received response UpdateMetadataResponse(3,0) for a request sent to broker id:1,host:192.168.99.100,port:9092 (state.change.logger)
[2015-09-01 14:17:18,761] TRACE Controller 1 epoch 10 elected leader 2 for Offline partition [rsvps,0] (state.change.logger)
[2015-09-01 14:17:18,777] TRACE Controller 1 epoch 10 changed partition [rsvps,0] from OfflinePartition to OnlinePartition with leader 2 (state.change.logger)
[2015-09-01 14:17:18,778] TRACE Controller 1 epoch 10 sending become-leader LeaderAndIsr request (Leader:2,ISR:2,LeaderEpoch:9,ControllerEpoch:10) with correlationId 7 to broker 2 for partition [rsvps,0] (state.change.logger)
[2015-09-01 14:17:18,780] TRACE Controller 1 epoch 10 sending UpdateMetadata request (Leader:2,ISR:2,LeaderEpoch:9,ControllerEpoch:10) with correlationId 7 to broker 2 for partition [rsvps,0] (state.change.logger)
[2015-09-01 14:17:18,875] TRACE Controller 1 epoch 10 sending UpdateMetadata request (Leader:2,ISR:2,LeaderEpoch:9,ControllerEpoch:10) with correlationId 7 to broker 1 for partition [rsvps,0] (state.change.logger)
[2015-09-01 14:17:19,063] TRACE Controller 1 epoch 10 received response LeaderAndIsrResponse(6,Map((rsvps,0) -> 0),0) for a request sent to broker id:2,host:192.168.99.100,port:9093 (state.change.logger)
[2015-09-01 14:17:19,075] TRACE Controller 1 epoch 10 received response UpdateMetadataResponse(6,0) for a request sent to broker id:2,host:192.168.99.100,port:9093 (state.change.logger)
[2015-09-01 14:17:19,113] TRACE Controller 1 epoch 10 received response LeaderAndIsrResponse(7,Map((rsvps,0) -> 0),0) for a request sent to broker id:2,host:192.168.99.100,port:9093 (state.change.logger)
[2015-09-01 14:17:19,128] TRACE Controller 1 epoch 10 received response UpdateMetadataResponse(7,0) for a request sent to broker id:2,host:192.168.99.100,port:9093 (state.change.logger)
[2015-09-01 14:17:19,184] TRACE Broker 1 cached leader info (LeaderAndIsrInfo:(Leader:2,ISR:2,LeaderEpoch:8,ControllerEpoch:9),ReplicationFactor:1),AllReplicas:2) for partition [rsvps,0] in response to UpdateMetadata request sent by controller 1 epoch 10 with correlation id 6 (state.change.logger)
[2015-09-01 14:17:19,185] TRACE Controller 1 epoch 10 received response UpdateMetadataResponse(6,0) for a request sent to broker id:1,host:192.168.99.100,port:9092 (state.change.logger)
[2015-09-01 14:17:19,194] TRACE Broker 1 cached leader info (LeaderAndIsrInfo:(Leader:2,ISR:2,LeaderEpoch:9,ControllerEpoch:10),ReplicationFactor:1),AllReplicas:2) for partition [rsvps,0] in response to UpdateMetadata request sent by controller 1 epoch 10 with correlation id 7 (state.change.logger)
[2015-09-01 14:17:19,205] TRACE Controller 1 epoch 10 received response UpdateMetadataResponse(7,0) for a request sent to broker id:1,host:192.168.99.100,port:9092 (state.change.logger)
